Arguments: 
  /usr/local/Cellar/node/9.3.0_1/bin/node /usr/local/bin/yarn

PATH: 
  /usr/local/bin:/usr/bin:/bin:/usr/sbin:/sbin

Yarn version: 
  1.3.2

Node version: 
  9.3.0

Platform: 
  darwin x64

npm manifest: 
  {
    "name": "booben-codegen",
    "version": "0.0.1",
    "author": "",
    "description": "",
    "keywords": [
      "booben",
      "codegen"
    ],
    "license": "UNLICENSED",
    "repository": {
      "type": "git",
      "url": "https://gitlab.ordbuy.com/booben/codegen.git"
    },
    "main": "./lib/api.js",
    "bin": {
      "booben-codegen": "./bin/cli.js"
    },
    "directories": {
      "lib": "lib"
    },
    "scripts": {
      "lint": "eslint .",
      "lint:strict": "eslint --max-warnings=0 ."
    },
    "dependencies": {
      "@booben/graphql-schema": "^0.1.0",
      "@booben/metadata": "^0.8.0",
      "babel-generator": "^6.26.0",
      "babel-template": "^6.26.0",
      "babel-types": "^6.26.0",
      "graphql": "^0.11.7",
      "lodash": "^4.17.4",
      "minimist": "^1.2.0",
      "mz": "^2.7.0",
      "npm-package-arg": "^6.0.0",
      "pretty-ms": "^3.1.0",
      "request": "^2.83.0",
      "request-promise-native": "^1.0.5",
      "rimraf": "^2.6.2",
      "thenify": "^3.3.0",
      "thenify-all": "^1.6.0"
    },
    "devDependencies": {
      "eslint": "^4.11.0",
      "eslint-config-universe": "^1.0.6",
      "pre-commit": "^1.2.2",
      "prettier": "^1.10.2"
    }
  }

yarn manifest: 
  No manifest

Lockfile: 
  No lockfile

Trace: 
  Error: https://registry.npmjs.com/@common%2ftree: Not found
      at Request.params.callback [as _callback] (/usr/local/lib/node_modules/yarn/lib/cli.js:62098:18)
      at Request.self.callback (/usr/local/lib/node_modules/yarn/lib/cli.js:123085:22)
      at Request.emit (events.js:159:13)
      at Request.<anonymous> (/usr/local/lib/node_modules/yarn/lib/cli.js:124068:10)
      at Request.emit (events.js:159:13)
      at IncomingMessage.<anonymous> (/usr/local/lib/node_modules/yarn/lib/cli.js:123988:12)
      at Object.onceWrapper (events.js:254:19)
      at IncomingMessage.emit (events.js:164:20)
      at endReadableNT (_stream_readable.js:1062:12)
      at process._tickCallback (internal/process/next_tick.js:152:19)
